<?xml version="1.0" encoding="UTF-8"?>
<coverage generated="1614166508997" clover="3.2.0">
  <project timestamp="1614166508998" name="All files">
    <metrics statements="36" coveredstatements="27" conditionals="8" coveredconditionals="0" methods="20" coveredmethods="11" elements="64" coveredelements="38" complexity="0" loc="36" ncloc="36" packages="2" files="2" classes="2"/>
    <package name="requests">
      <metrics statements="31" coveredstatements="22" conditionals="7" coveredconditionals="0" methods="16" coveredmethods="7"/>
      <file name="aws.js" path="/Users/devin/github/aws_s3_kms_demo/requests/aws.js">
        <metrics statements="31" coveredstatements="22" conditionals="7" coveredconditionals="0" methods="16" coveredmethods="7"/>
        <line num="1" count="2" type="stmt"/>
        <line num="2" count="2" type="stmt"/>
        <line num="3" count="2" type="stmt"/>
        <line num="4" count="2" type="stmt"/>
        <line num="5" count="2" type="stmt"/>
        <line num="6" count="2" type="stmt"/>
        <line num="8" count="2" type="stmt"/>
        <line num="13" count="2" type="stmt"/>
        <line num="14" count="2" type="stmt"/>
        <line num="15" count="2" type="stmt"/>
        <line num="16" count="2" type="stmt"/>
        <line num="24" count="2" type="stmt"/>
        <line num="25" count="2" type="stmt"/>
        <line num="28" count="8" type="cond" truecount="0" falsecount="2"/>
        <line num="37" count="2" type="stmt"/>
        <line num="38" count="4" type="stmt"/>
        <line num="41" count="4" type="stmt"/>
        <line num="50" count="2" type="stmt"/>
        <line num="51" count="2" type="stmt"/>
        <line num="54" count="2" type="stmt"/>
        <line num="64" count="2" type="stmt"/>
        <line num="69" count="0" type="stmt"/>
        <line num="73" count="0" type="stmt"/>
        <line num="75" count="0" type="stmt"/>
        <line num="79" count="0" type="stmt"/>
        <line num="83" count="0" type="stmt"/>
        <line num="84" count="0" type="stmt"/>
        <line num="88" count="0" type="stmt"/>
        <line num="90" count="0" type="stmt"/>
        <line num="92" count="0" type="stmt"/>
        <line num="96" count="2" type="stmt"/>
      </file>
    </package>
    <package name="utils">
      <metrics statements="5" coveredstatements="5" conditionals="1" coveredconditionals="0" methods="4" coveredmethods="4"/>
      <file name="index.js" path="/Users/devin/github/aws_s3_kms_demo/utils/index.js">
        <metrics statements="5" coveredstatements="5" conditionals="1" coveredconditionals="0" methods="4" coveredmethods="4"/>
        <line num="8" count="2" type="stmt"/>
        <line num="9" count="4" type="stmt"/>
        <line num="19" count="2" type="stmt"/>
        <line num="24" count="3" type="stmt"/>
        <line num="26" count="2" type="stmt"/>
      </file>
    </package>
  </project>
</coverage>
