{"/Users/devin/github/aws_s3_kms_demo/requests/aws.js": {"path":"/Users/devin/github/aws_s3_kms_demo/requests/aws.js","statementMap":{"0":{"start":{"line":1,"column":17},"end":{"line":1,"column":36}},"1":{"start":{"line":2,"column":11},"end":{"line":2,"column":40}},"2":{"start":{"line":3,"column":12},"end":{"line":3,"column":42}},"3":{"start":{"line":4,"column":11},"end":{"line":4,"column":30}},"4":{"start":{"line":5,"column":49},"end":{"line":5,"column":68}},"5":{"start":{"line":6,"column":21},"end":{"line":6,"column":52}},"6":{"start":{"line":8,"column":25},"end":{"line":12,"column":1}},"7":{"start":{"line":13,"column":12},"end":{"line":13,"column":28}},"8":{"start":{"line":14,"column":11},"end":{"line":14,"column":35}},"9":{"start":{"line":15,"column":12},"end":{"line":15,"column":37}},"10":{"start":{"line":16,"column":42},"end":{"line":16,"column":43}},"11":{"start":{"line":24,"column":26},"end":{"line":28,"column":69}},"12":{"start":{"line":25,"column":2},"end":{"line":28,"column":69}},"13":{"start":{"line":28,"column":33},"end":{"line":28,"column":68}},"14":{"start":{"line":28,"column":64},"end":{"line":28,"column":67}},"15":{"start":{"line":37,"column":27},"end":{"line":41,"column":39}},"16":{"start":{"line":38,"column":2},"end":{"line":41,"column":39}},"17":{"start":{"line":41,"column":21},"end":{"line":41,"column":37}},"18":{"start":{"line":50,"column":20},"end":{"line":54,"column":69}},"19":{"start":{"line":51,"column":2},"end":{"line":54,"column":69}},"20":{"start":{"line":54,"column":34},"end":{"line":54,"column":68}},"21":{"start":{"line":64,"column":29},"end":{"line":94,"column":1}},"22":{"start":{"line":69,"column":2},"end":{"line":69,"column":75}},"23":{"start":{"line":73,"column":2},"end":{"line":93,"column":6}},"24":{"start":{"line":75,"column":6},"end":{"line":80,"column":7}},"25":{"start":{"line":79,"column":17},"end":{"line":79,"column":56}},"26":{"start":{"line":83,"column":6},"end":{"line":85,"column":7}},"27":{"start":{"line":84,"column":39},"end":{"line":84,"column":77}},"28":{"start":{"line":88,"column":6},"end":{"line":88,"column":60}},"29":{"start":{"line":88,"column":43},"end":{"line":88,"column":48}},"30":{"start":{"line":90,"column":25},"end":{"line":90,"column":57}},"31":{"start":{"line":92,"column":6},"end":{"line":92,"column":64}},"32":{"start":{"line":96,"column":0},"end":{"line":101,"column":2}}},"fnMap":{"0":{"name":"(anonymous_0)","decl":{"start":{"line":24,"column":26},"end":{"line":24,"column":27}},"loc":{"start":{"line":25,"column":2},"end":{"line":28,"column":69}},"line":25},"1":{"name":"(anonymous_1)","decl":{"start":{"line":28,"column":10},"end":{"line":28,"column":11}},"loc":{"start":{"line":28,"column":33},"end":{"line":28,"column":68}},"line":28},"2":{"name":"(anonymous_2)","decl":{"start":{"line":28,"column":46},"end":{"line":28,"column":47}},"loc":{"start":{"line":28,"column":64},"end":{"line":28,"column":67}},"line":28},"3":{"name":"(anonymous_3)","decl":{"start":{"line":37,"column":27},"end":{"line":37,"column":28}},"loc":{"start":{"line":38,"column":2},"end":{"line":41,"column":39}},"line":38},"4":{"name":"(anonymous_4)","decl":{"start":{"line":41,"column":10},"end":{"line":41,"column":11}},"loc":{"start":{"line":41,"column":21},"end":{"line":41,"column":37}},"line":41},"5":{"name":"(anonymous_5)","decl":{"start":{"line":50,"column":20},"end":{"line":50,"column":21}},"loc":{"start":{"line":51,"column":2},"end":{"line":54,"column":69}},"line":51},"6":{"name":"(anonymous_6)","decl":{"start":{"line":54,"column":10},"end":{"line":54,"column":11}},"loc":{"start":{"line":54,"column":34},"end":{"line":54,"column":68}},"line":54},"7":{"name":"(anonymous_7)","decl":{"start":{"line":64,"column":29},"end":{"line":64,"column":30}},"loc":{"start":{"line":68,"column":5},"end":{"line":94,"column":1}},"line":68},"8":{"name":"(anonymous_8)","decl":{"start":{"line":74,"column":10},"end":{"line":74,"column":11}},"loc":{"start":{"line":75,"column":6},"end":{"line":80,"column":7}},"line":75},"9":{"name":"(anonymous_9)","decl":{"start":{"line":79,"column":8},"end":{"line":79,"column":9}},"loc":{"start":{"line":79,"column":17},"end":{"line":79,"column":56}},"line":79},"10":{"name":"(anonymous_10)","decl":{"start":{"line":82,"column":10},"end":{"line":82,"column":11}},"loc":{"start":{"line":83,"column":6},"end":{"line":85,"column":7}},"line":83},"11":{"name":"(anonymous_11)","decl":{"start":{"line":84,"column":20},"end":{"line":84,"column":21}},"loc":{"start":{"line":84,"column":39},"end":{"line":84,"column":77}},"line":84},"12":{"name":"(anonymous_12)","decl":{"start":{"line":87,"column":10},"end":{"line":87,"column":11}},"loc":{"start":{"line":88,"column":6},"end":{"line":88,"column":60}},"line":88},"13":{"name":"(anonymous_13)","decl":{"start":{"line":88,"column":28},"end":{"line":88,"column":29}},"loc":{"start":{"line":88,"column":43},"end":{"line":88,"column":48}},"line":88},"14":{"name":"(anonymous_14)","decl":{"start":{"line":90,"column":10},"end":{"line":90,"column":11}},"loc":{"start":{"line":90,"column":25},"end":{"line":90,"column":57}},"line":90},"15":{"name":"(anonymous_15)","decl":{"start":{"line":91,"column":10},"end":{"line":91,"column":11}},"loc":{"start":{"line":92,"column":6},"end":{"line":92,"column":64}},"line":92}},"branchMap":{"0":{"loc":{"start":{"line":28,"column":11},"end":{"line":28,"column":28}},"type":"default-arg","locations":[{"start":{"line":28,"column":26},"end":{"line":28,"column":28}}],"line":28},"1":{"loc":{"start":{"line":28,"column":47},"end":{"line":28,"column":59}},"type":"default-arg","locations":[{"start":{"line":28,"column":57},"end":{"line":28,"column":59}}],"line":28},"2":{"loc":{"start":{"line":65,"column":2},"end":{"line":65,"column":35}},"type":"default-arg","locations":[{"start":{"line":65,"column":15},"end":{"line":65,"column":35}}],"line":65},"3":{"loc":{"start":{"line":66,"column":2},"end":{"line":66,"column":38}},"type":"default-arg","locations":[{"start":{"line":66,"column":15},"end":{"line":66,"column":38}}],"line":66},"4":{"loc":{"start":{"line":67,"column":2},"end":{"line":67,"column":30}},"type":"default-arg","locations":[{"start":{"line":67,"column":19},"end":{"line":67,"column":30}}],"line":67},"5":{"loc":{"start":{"line":82,"column":11},"end":{"line":82,"column":23}},"type":"default-arg","locations":[{"start":{"line":82,"column":21},"end":{"line":82,"column":23}}],"line":82},"6":{"loc":{"start":{"line":91,"column":11},"end":{"line":91,"column":29}},"type":"default-arg","locations":[{"start":{"line":91,"column":27},"end":{"line":91,"column":29}}],"line":91}},"s":{"0":2,"1":2,"2":2,"3":2,"4":2,"5":2,"6":2,"7":2,"8":2,"9":2,"10":2,"11":2,"12":2,"13":2,"14":8,"15":2,"16":4,"17":4,"18":2,"19":2,"20":2,"21":2,"22":0,"23":0,"24":0,"25":0,"26":0,"27":0,"28":0,"29":0,"30":0,"31":0,"32":2},"f":{"0":2,"1":2,"2":8,"3":4,"4":4,"5":2,"6":2,"7":0,"8":0,"9":0,"10":0,"11":0,"12":0,"13":0,"14":0,"15":0},"b":{"0":[0],"1":[0],"2":[0],"3":[0],"4":[0],"5":[0],"6":[0]},"_coverageSchema":"1a1c01bbd47fc00a2c39e90264f33305004495a9","hash":"a12347159b8a23e8f4a0ee21b4892aa6f34b4e8d"}
,"/Users/devin/github/aws_s3_kms_demo/utils/index.js": {"path":"/Users/devin/github/aws_s3_kms_demo/utils/index.js","statementMap":{"0":{"start":{"line":8,"column":20},"end":{"line":9,"column":55}},"1":{"start":{"line":9,"column":2},"end":{"line":9,"column":55}},"2":{"start":{"line":9,"column":51},"end":{"line":9,"column":54}},"3":{"start":{"line":19,"column":32},"end":{"line":24,"column":71}},"4":{"start":{"line":24,"column":5},"end":{"line":24,"column":71}},"5":{"start":{"line":24,"column":33},"end":{"line":24,"column":53}},"6":{"start":{"line":26,"column":0},"end":{"line":29,"column":2}}},"fnMap":{"0":{"name":"(anonymous_0)","decl":{"start":{"line":8,"column":20},"end":{"line":8,"column":21}},"loc":{"start":{"line":9,"column":2},"end":{"line":9,"column":55}},"line":9},"1":{"name":"(anonymous_1)","decl":{"start":{"line":9,"column":45},"end":{"line":9,"column":46}},"loc":{"start":{"line":9,"column":51},"end":{"line":9,"column":54}},"line":9},"2":{"name":"(anonymous_2)","decl":{"start":{"line":19,"column":32},"end":{"line":19,"column":33}},"loc":{"start":{"line":24,"column":5},"end":{"line":24,"column":71}},"line":24},"3":{"name":"(anonymous_3)","decl":{"start":{"line":24,"column":24},"end":{"line":24,"column":25}},"loc":{"start":{"line":24,"column":33},"end":{"line":24,"column":53}},"line":24}},"branchMap":{"0":{"loc":{"start":{"line":21,"column":2},"end":{"line":21,"column":11}},"type":"default-arg","locations":[{"start":{"line":21,"column":9},"end":{"line":21,"column":11}}],"line":21}},"s":{"0":2,"1":4,"2":4,"3":2,"4":1,"5":3,"6":2},"f":{"0":4,"1":4,"2":1,"3":3},"b":{"0":[0]},"_coverageSchema":"1a1c01bbd47fc00a2c39e90264f33305004495a9","hash":"9a64d5e4c526f54e75f62c50fe31965800504805"}
}
