TN:
SF:requests/aws.js
FN:24,(anonymous_0)
FN:28,(anonymous_1)
FN:28,(anonymous_2)
FN:37,(anonymous_3)
FN:41,(anonymous_4)
FN:50,(anonymous_5)
FN:54,(anonymous_6)
FN:64,(anonymous_7)
FN:74,(anonymous_8)
FN:79,(anonymous_9)
FN:82,(anonymous_10)
FN:84,(anonymous_11)
FN:87,(anonymous_12)
FN:88,(anonymous_13)
FN:90,(anonymous_14)
FN:91,(anonymous_15)
FNF:16
FNH:7
FNDA:2,(anonymous_0)
FNDA:2,(anonymous_1)
FNDA:8,(anonymous_2)
FNDA:4,(anonymous_3)
FNDA:4,(anonymous_4)
FNDA:2,(anonymous_5)
FNDA:2,(anonymous_6)
FNDA:0,(anonymous_7)
FNDA:0,(anonymous_8)
FNDA:0,(anonymous_9)
FNDA:0,(anonymous_10)
FNDA:0,(anonymous_11)
FNDA:0,(anonymous_12)
FNDA:0,(anonymous_13)
FNDA:0,(anonymous_14)
FNDA:0,(anonymous_15)
DA:1,2
DA:2,2
DA:3,2
DA:4,2
DA:5,2
DA:6,2
DA:8,2
DA:13,2
DA:14,2
DA:15,2
DA:16,2
DA:24,2
DA:25,2
DA:28,8
DA:37,2
DA:38,4
DA:41,4
DA:50,2
DA:51,2
DA:54,2
DA:64,2
DA:69,0
DA:73,0
DA:75,0
DA:79,0
DA:83,0
DA:84,0
DA:88,0
DA:90,0
DA:92,0
DA:96,2
LF:31
LH:22
BRDA:28,0,0,0
BRDA:28,1,0,0
BRDA:65,2,0,0
BRDA:66,3,0,0
BRDA:67,4,0,0
BRDA:82,5,0,0
BRDA:91,6,0,0
BRF:7
BRH:0
end_of_record
TN:
SF:utils/index.js
FN:8,(anonymous_0)
FN:9,(anonymous_1)
FN:19,(anonymous_2)
FN:24,(anonymous_3)
FNF:4
FNH:4
FNDA:4,(anonymous_0)
FNDA:4,(anonymous_1)
FNDA:1,(anonymous_2)
FNDA:3,(anonymous_3)
DA:8,2
DA:9,4
DA:19,2
DA:24,3
DA:26,2
LF:5
LH:5
BRDA:21,0,0,0
BRF:1
BRH:0
end_of_record
